mode: set
task-manager/Delivery/main.go:17.13,23.16 3 0
task-manager/Delivery/main.go:23.16,25.3 1 0
task-manager/Delivery/main.go:26.2,26.15 1 0
task-manager/Delivery/main.go:26.15,27.64 1 0
task-manager/Delivery/main.go:27.64,29.4 1 0
task-manager/Delivery/main.go:32.2,56.42 13 0
task-manager/Delivery/main.go:56.42,58.3 1 0
task-manager/Delivery/main.go:61.59,63.16 2 0
task-manager/Delivery/main.go:63.16,65.3 1 0
task-manager/Delivery/main.go:68.2,68.63 1 0
task-manager/Delivery/main.go:68.63,70.3 1 0
task-manager/Delivery/main.go:72.2,73.20 2 0
task-manager/Domain/domain.go:43.33,44.19 1 0
task-manager/Domain/domain.go:44.19,46.3 1 0
task-manager/Domain/domain.go:47.2,47.34 1 0
task-manager/Domain/domain.go:47.34,49.3 1 0
task-manager/Domain/domain.go:50.2,50.12 1 0
task-manager/Domain/domain.go:53.33,54.45 1 0
task-manager/Domain/domain.go:54.45,56.3 1 0
task-manager/Domain/domain.go:57.2,57.45 1 0
task-manager/Domain/domain.go:57.45,59.3 1 0
task-manager/Domain/domain.go:60.2,60.12 1 0
task-manager/Delivery/routers/router.go:11.151,19.2 6 0
task-manager/Delivery/routers/router.go:19.2,26.3 5 0
task-manager/Delivery/routers/router.go:26.3,30.4 3 0
task-manager/Delivery/routers/router.go:34.2,36.2 3 0
task-manager/Delivery/routers/router.go:36.2,38.3 1 0
task-manager/Delivery/routers/router.go:40.2,40.10 1 0
task-manager/Delivery/controllers/controller.go:16.73,18.2 1 1
task-manager/Delivery/controllers/controller.go:20.52,22.47 2 1
task-manager/Delivery/controllers/controller.go:22.47,25.3 2 1
task-manager/Delivery/controllers/controller.go:26.2,29.16 3 1
task-manager/Delivery/controllers/controller.go:29.16,32.3 2 1
task-manager/Delivery/controllers/controller.go:33.2,34.33 2 1
task-manager/Delivery/controllers/controller.go:37.49,39.47 2 1
task-manager/Delivery/controllers/controller.go:39.47,42.3 2 0
task-manager/Delivery/controllers/controller.go:43.2,44.16 2 1
task-manager/Delivery/controllers/controller.go:44.16,47.3 2 1
task-manager/Delivery/controllers/controller.go:48.2,49.28 2 1
task-manager/Delivery/controllers/controller.go:52.55,54.47 2 0
task-manager/Delivery/controllers/controller.go:54.47,57.3 2 0
task-manager/Delivery/controllers/controller.go:58.2,60.16 3 0
task-manager/Delivery/controllers/controller.go:60.16,63.3 2 0
task-manager/Delivery/controllers/controller.go:64.2,64.71 1 0
task-manager/Delivery/controllers/controller.go:73.73,75.2 1 1
task-manager/Delivery/controllers/controller.go:77.54,79.47 2 1
task-manager/Delivery/controllers/controller.go:79.47,82.3 2 1
task-manager/Delivery/controllers/controller.go:83.2,86.16 3 1
task-manager/Delivery/controllers/controller.go:86.16,89.3 2 0
task-manager/Delivery/controllers/controller.go:90.2,91.33 2 1
task-manager/Delivery/controllers/controller.go:94.55,96.16 2 1
task-manager/Delivery/controllers/controller.go:96.16,99.3 2 1
task-manager/Delivery/controllers/controller.go:100.2,101.26 2 1
task-manager/Delivery/controllers/controller.go:101.26,103.3 1 1
task-manager/Delivery/controllers/controller.go:104.2,104.38 1 1
task-manager/Delivery/controllers/controller.go:107.55,110.16 3 1
task-manager/Delivery/controllers/controller.go:110.16,113.3 2 1
task-manager/Delivery/controllers/controller.go:114.2,115.28 2 1
task-manager/Delivery/controllers/controller.go:118.54,121.47 3 0
task-manager/Delivery/controllers/controller.go:121.47,124.3 2 0
task-manager/Delivery/controllers/controller.go:125.2,128.16 3 0
task-manager/Delivery/controllers/controller.go:128.16,131.3 2 0
task-manager/Delivery/controllers/controller.go:132.2,133.28 2 0
task-manager/Delivery/controllers/controller.go:136.54,139.16 3 0
task-manager/Delivery/controllers/controller.go:139.16,142.3 2 0
task-manager/Delivery/controllers/controller.go:143.2,143.70 1 0
task-manager/Repositories/task_repository.go:18.70,20.2 1 0
task-manager/Repositories/task_repository.go:22.73,31.16 7 0
task-manager/Repositories/task_repository.go:31.16,33.3 1 0
task-manager/Repositories/task_repository.go:35.2,36.19 2 0
task-manager/Repositories/task_repository.go:39.58,45.16 5 0
task-manager/Repositories/task_repository.go:45.16,47.3 1 0
task-manager/Repositories/task_repository.go:48.2,50.47 2 0
task-manager/Repositories/task_repository.go:50.47,52.3 1 0
task-manager/Repositories/task_repository.go:53.2,53.18 1 0
task-manager/Repositories/task_repository.go:53.18,55.3 1 0
task-manager/Repositories/task_repository.go:56.2,56.19 1 0
task-manager/Repositories/task_repository.go:59.67,64.16 4 0
task-manager/Repositories/task_repository.go:64.16,66.3 1 0
task-manager/Repositories/task_repository.go:68.2,69.86 2 0
task-manager/Repositories/task_repository.go:69.86,70.34 1 0
task-manager/Repositories/task_repository.go:70.34,72.4 1 0
task-manager/Repositories/task_repository.go:73.3,73.18 1 0
task-manager/Repositories/task_repository.go:75.2,75.19 1 0
task-manager/Repositories/task_repository.go:78.84,83.16 4 0
task-manager/Repositories/task_repository.go:83.16,85.3 1 0
task-manager/Repositories/task_repository.go:87.2,98.16 3 0
task-manager/Repositories/task_repository.go:98.16,100.3 1 0
task-manager/Repositories/task_repository.go:102.2,102.22 1 0
task-manager/Repositories/task_repository.go:105.50,110.16 4 0
task-manager/Repositories/task_repository.go:110.16,112.3 1 0
task-manager/Repositories/task_repository.go:114.2,115.16 2 0
task-manager/Repositories/task_repository.go:115.16,117.3 1 0
task-manager/Repositories/task_repository.go:119.2,119.27 1 0
task-manager/Repositories/task_repository.go:119.27,121.3 1 0
task-manager/Repositories/task_repository.go:123.2,123.12 1 0
task-manager/Repositories/user_repository.go:19.111,24.2 1 0
task-manager/Repositories/user_repository.go:26.73,32.16 4 0
task-manager/Repositories/user_repository.go:32.16,34.3 1 0
task-manager/Repositories/user_repository.go:35.2,35.12 1 0
task-manager/Repositories/user_repository.go:35.12,37.3 1 0
task-manager/Repositories/user_repository.go:40.2,40.21 1 0
task-manager/Repositories/user_repository.go:40.21,42.3 1 0
task-manager/Repositories/user_repository.go:44.2,45.16 2 0
task-manager/Repositories/user_repository.go:45.16,47.3 1 0
task-manager/Repositories/user_repository.go:49.2,50.19 2 0
task-manager/Repositories/user_repository.go:53.79,59.16 5 0
task-manager/Repositories/user_repository.go:59.16,60.34 1 0
task-manager/Repositories/user_repository.go:60.34,62.4 1 0
task-manager/Repositories/user_repository.go:63.3,63.18 1 0
task-manager/Repositories/user_repository.go:65.2,65.19 1 0
task-manager/Repositories/user_repository.go:68.67,73.16 4 0
task-manager/Repositories/user_repository.go:73.16,75.3 1 0
task-manager/Repositories/user_repository.go:77.2,79.16 3 0
task-manager/Repositories/user_repository.go:79.16,80.34 1 0
task-manager/Repositories/user_repository.go:80.34,82.4 1 0
task-manager/Repositories/user_repository.go:83.3,83.18 1 0
task-manager/Repositories/user_repository.go:85.2,85.19 1 0
task-manager/Repositories/user_repository.go:88.57,99.16 5 0
task-manager/Repositories/user_repository.go:99.16,101.3 1 0
task-manager/Repositories/user_repository.go:103.2,103.30 1 0
task-manager/Repositories/user_repository.go:103.30,105.3 1 0
task-manager/Repositories/user_repository.go:107.2,107.12 1 0
task-manager/Repositories/user_repository.go:110.64,115.16 4 0
task-manager/Repositories/user_repository.go:115.16,117.3 1 0
task-manager/Repositories/user_repository.go:119.2,119.23 1 0
task-manager/Repositories/mocks/mock_service.go:13.69,16.2 2 0
task-manager/Repositories/mocks/mock_service.go:17.65,20.2 2 0
task-manager/Repositories/mocks/mock_service.go:26.76,29.2 2 0
task-manager/Repositories/mocks/mock_service.go:31.85,33.24 2 0
task-manager/Repositories/mocks/mock_service.go:33.24,35.3 1 0
task-manager/Repositories/mocks/mock_service.go:36.2,36.52 1 0
task-manager/Repositories/mocks/mock_task_repository.go:13.77,15.24 2 0
task-manager/Repositories/mocks/mock_task_repository.go:15.24,17.3 1 0
task-manager/Repositories/mocks/mock_task_repository.go:18.2,18.50 1 0
task-manager/Repositories/mocks/mock_task_repository.go:21.62,23.24 2 0
task-manager/Repositories/mocks/mock_task_repository.go:23.24,25.3 1 0
task-manager/Repositories/mocks/mock_task_repository.go:26.2,26.51 1 0
task-manager/Repositories/mocks/mock_task_repository.go:29.71,31.24 2 0
task-manager/Repositories/mocks/mock_task_repository.go:31.24,33.3 1 0
task-manager/Repositories/mocks/mock_task_repository.go:34.2,34.50 1 0
task-manager/Repositories/mocks/mock_task_repository.go:37.88,39.24 2 0
task-manager/Repositories/mocks/mock_task_repository.go:39.24,41.3 1 0
task-manager/Repositories/mocks/mock_task_repository.go:42.2,42.50 1 0
task-manager/Repositories/mocks/mock_task_repository.go:45.54,48.2 2 0
task-manager/Repositories/mocks/mock_usecases.go:13.64,15.24 2 0
task-manager/Repositories/mocks/mock_usecases.go:15.24,17.3 1 0
task-manager/Repositories/mocks/mock_usecases.go:18.2,18.51 1 0
task-manager/Repositories/mocks/mock_usecases.go:21.72,23.24 2 0
task-manager/Repositories/mocks/mock_usecases.go:23.24,25.3 1 0
task-manager/Repositories/mocks/mock_usecases.go:26.2,26.50 1 0
task-manager/Repositories/mocks/mock_usecases.go:29.78,31.24 2 0
task-manager/Repositories/mocks/mock_usecases.go:31.24,33.3 1 0
task-manager/Repositories/mocks/mock_usecases.go:34.2,34.50 1 0
task-manager/Repositories/mocks/mock_usecases.go:37.89,39.24 2 0
task-manager/Repositories/mocks/mock_usecases.go:39.24,41.3 1 0
task-manager/Repositories/mocks/mock_usecases.go:42.2,42.50 1 0
task-manager/Repositories/mocks/mock_usecases.go:45.55,48.2 2 0
task-manager/Repositories/mocks/mock_usecases.go:55.76,57.24 2 0
task-manager/Repositories/mocks/mock_usecases.go:57.24,59.3 1 0
task-manager/Repositories/mocks/mock_usecases.go:60.2,60.50 1 0
task-manager/Repositories/mocks/mock_usecases.go:63.76,66.2 2 0
task-manager/Repositories/mocks/mock_usecases.go:68.81,71.2 2 0
task-manager/Repositories/mocks/mock_user_repository.go:13.77,15.24 2 0
task-manager/Repositories/mocks/mock_user_repository.go:15.24,17.3 1 0
task-manager/Repositories/mocks/mock_user_repository.go:18.2,18.50 1 0
task-manager/Repositories/mocks/mock_user_repository.go:21.83,23.24 2 0
task-manager/Repositories/mocks/mock_user_repository.go:23.24,25.3 1 0
task-manager/Repositories/mocks/mock_user_repository.go:26.2,26.50 1 0
task-manager/Repositories/mocks/mock_user_repository.go:29.71,31.24 2 0
task-manager/Repositories/mocks/mock_user_repository.go:31.24,33.3 1 0
task-manager/Repositories/mocks/mock_user_repository.go:34.2,34.50 1 0
task-manager/Repositories/mocks/mock_user_repository.go:37.61,40.2 2 0
task-manager/Repositories/mocks/mock_user_repository.go:42.68,45.2 2 0
task-manager/Infrastructure/auth_middleWare.go:12.70,13.30 1 1
task-manager/Infrastructure/auth_middleWare.go:13.30,15.23 2 1
task-manager/Infrastructure/auth_middleWare.go:15.23,18.4 2 1
task-manager/Infrastructure/auth_middleWare.go:20.3,21.32 2 1
task-manager/Infrastructure/auth_middleWare.go:21.32,24.4 2 0
task-manager/Infrastructure/auth_middleWare.go:26.3,27.17 2 1
task-manager/Infrastructure/auth_middleWare.go:27.17,30.4 2 0
task-manager/Infrastructure/auth_middleWare.go:32.3,35.11 4 1
task-manager/Infrastructure/auth_middleWare.go:39.34,40.30 1 1
task-manager/Infrastructure/auth_middleWare.go:40.30,42.14 2 1
task-manager/Infrastructure/auth_middleWare.go:42.14,45.4 2 0
task-manager/Infrastructure/auth_middleWare.go:47.3,47.45 1 1
task-manager/Infrastructure/auth_middleWare.go:47.45,50.4 2 1
task-manager/Infrastructure/auth_middleWare.go:51.3,51.11 1 1
task-manager/Infrastructure/jwt_service.go:15.43,17.2 1 1
task-manager/Infrastructure/jwt_service.go:26.72,41.2 4 1
task-manager/Infrastructure/jwt_service.go:43.81,45.101 2 1
task-manager/Infrastructure/jwt_service.go:45.101,46.58 1 1
task-manager/Infrastructure/jwt_service.go:46.58,48.4 1 0
task-manager/Infrastructure/jwt_service.go:49.3,49.24 1 1
task-manager/Infrastructure/jwt_service.go:52.2,52.16 1 1
task-manager/Infrastructure/jwt_service.go:52.16,54.3 1 0
task-manager/Infrastructure/jwt_service.go:56.2,56.18 1 1
task-manager/Infrastructure/jwt_service.go:56.18,58.3 1 0
task-manager/Infrastructure/jwt_service.go:60.2,64.8 1 1
task-manager/Infrastructure/password_service.go:11.51,13.2 1 0
task-manager/Infrastructure/password_service.go:15.65,18.2 2 0
task-manager/Infrastructure/password_service.go:20.61,23.2 2 0
task-manager/config/config.go:28.21,42.2 1 0
task-manager/config/config.go:44.46,45.42 1 0
task-manager/config/config.go:45.42,47.3 1 0
task-manager/config/config.go:48.2,48.21 1 0
task-manager/config/config.go:51.52,52.42 1 0
task-manager/config/config.go:52.42,53.55 1 0
task-manager/config/config.go:53.55,55.4 1 0
task-manager/config/config.go:57.2,57.21 1 0
task-manager/Usecases/task_usecases.go:12.74,14.2 1 1
task-manager/Usecases/task_usecases.go:16.61,18.16 2 1
task-manager/Usecases/task_usecases.go:18.16,20.3 1 1
task-manager/Usecases/task_usecases.go:21.2,21.19 1 1
task-manager/Usecases/task_usecases.go:24.69,25.14 1 1
task-manager/Usecases/task_usecases.go:25.14,27.3 1 1
task-manager/Usecases/task_usecases.go:29.2,30.16 2 1
task-manager/Usecases/task_usecases.go:30.16,32.3 1 1
task-manager/Usecases/task_usecases.go:33.2,33.18 1 1
task-manager/Usecases/task_usecases.go:36.75,38.40 1 1
task-manager/Usecases/task_usecases.go:38.40,40.3 1 1
task-manager/Usecases/task_usecases.go:43.2,43.23 1 1
task-manager/Usecases/task_usecases.go:43.23,45.3 1 0
task-manager/Usecases/task_usecases.go:48.2,53.16 5 1
task-manager/Usecases/task_usecases.go:53.16,55.3 1 1
task-manager/Usecases/task_usecases.go:57.2,57.25 1 1
task-manager/Usecases/task_usecases.go:60.86,61.14 1 1
task-manager/Usecases/task_usecases.go:61.14,63.3 1 1
task-manager/Usecases/task_usecases.go:66.2,66.40 1 1
task-manager/Usecases/task_usecases.go:66.40,68.3 1 1
task-manager/Usecases/task_usecases.go:71.2,72.16 2 1
task-manager/Usecases/task_usecases.go:72.16,74.3 1 1
task-manager/Usecases/task_usecases.go:77.2,81.16 4 1
task-manager/Usecases/task_usecases.go:81.16,83.3 1 0
task-manager/Usecases/task_usecases.go:85.2,85.25 1 1
task-manager/Usecases/task_usecases.go:88.52,89.14 1 1
task-manager/Usecases/task_usecases.go:89.14,91.3 1 1
task-manager/Usecases/task_usecases.go:94.2,95.16 2 1
task-manager/Usecases/task_usecases.go:95.16,97.3 1 1
task-manager/Usecases/task_usecases.go:99.2,99.31 1 1
task-manager/Usecases/user_usecases.go:13.148,19.2 1 1
task-manager/Usecases/user_usecases.go:21.73,23.40 1 1
task-manager/Usecases/user_usecases.go:23.40,25.3 1 1
task-manager/Usecases/user_usecases.go:28.2,29.16 2 1
task-manager/Usecases/user_usecases.go:29.16,31.3 1 0
task-manager/Usecases/user_usecases.go:32.2,32.12 1 1
task-manager/Usecases/user_usecases.go:32.12,34.3 1 1
task-manager/Usecases/user_usecases.go:37.2,38.16 2 1
task-manager/Usecases/user_usecases.go:38.16,40.3 1 1
task-manager/Usecases/user_usecases.go:43.2,43.21 1 1
task-manager/Usecases/user_usecases.go:43.21,45.3 1 1
task-manager/Usecases/user_usecases.go:48.2,52.16 3 1
task-manager/Usecases/user_usecases.go:52.16,54.3 1 0
task-manager/Usecases/user_usecases.go:56.2,56.25 1 1
task-manager/Usecases/user_usecases.go:59.73,60.38 1 1
task-manager/Usecases/user_usecases.go:60.38,62.3 1 1
task-manager/Usecases/user_usecases.go:65.2,66.16 2 1
task-manager/Usecases/user_usecases.go:66.16,68.3 1 1
task-manager/Usecases/user_usecases.go:71.2,71.56 1 1
task-manager/Usecases/user_usecases.go:71.56,73.3 1 1
task-manager/Usecases/user_usecases.go:76.2,77.16 2 1
task-manager/Usecases/user_usecases.go:77.16,79.3 1 1
task-manager/Usecases/user_usecases.go:81.2,81.19 1 1
task-manager/Usecases/user_usecases.go:84.78,85.40 1 1
task-manager/Usecases/user_usecases.go:85.40,87.3 1 1
task-manager/Usecases/user_usecases.go:90.2,91.16 2 1
task-manager/Usecases/user_usecases.go:91.16,93.3 1 1
task-manager/Usecases/user_usecases.go:94.2,94.39 1 1
task-manager/Usecases/user_usecases.go:94.39,96.3 1 1
task-manager/Usecases/user_usecases.go:99.2,100.16 2 1
task-manager/Usecases/user_usecases.go:100.16,102.3 1 1
task-manager/Usecases/user_usecases.go:105.2,105.44 1 1
task-manager/Usecases/user_usecases.go:105.44,107.3 1 1
task-manager/Usecases/user_usecases.go:109.2,109.38 1 1
